Symlinking /home/tw017/Desktop/PipetteDetect/catkin_ws/devel/share/gennodejs/ros/denso_cobotta_gripper/_index.js
Symlinking /home/tw017/Desktop/PipetteDetect/catkin_ws/devel/share/gennodejs/ros/denso_cobotta_gripper/msg/_index.js
Symlinking /home/tw017/Desktop/PipetteDetect/catkin_ws/devel/share/gennodejs/ros/denso_cobotta_gripper/msg/GripperMoveResult.js
Symlinking /home/tw017/Desktop/PipetteDetect/catkin_ws/devel/share/gennodejs/ros/denso_cobotta_gripper/msg/GripperMoveActionGoal.js
Symlinking /home/tw017/Desktop/PipetteDetect/catkin_ws/devel/share/gennodejs/ros/denso_cobotta_gripper/msg/VacuumMoveResult.js
Symlinking /home/tw017/Desktop/PipetteDetect/catkin_ws/devel/share/gennodejs/ros/denso_cobotta_gripper/msg/GripperMoveFeedback.js
Symlinking /home/tw017/Desktop/PipetteDetect/catkin_ws/devel/share/gennodejs/ros/denso_cobotta_gripper/msg/VacuumMoveGoal.js
Symlinking /home/tw017/Desktop/PipetteDetect/catkin_ws/devel/share/gennodejs/ros/denso_cobotta_gripper/msg/VacuumMoveActionFeedback.js
Symlinking /home/tw017/Desktop/PipetteDetect/catkin_ws/devel/share/gennodejs/ros/denso_cobotta_gripper/msg/VacuumMoveAction.js
Symlinking /home/tw017/Desktop/PipetteDetect/catkin_ws/devel/share/gennodejs/ros/denso_cobotta_gripper/msg/GripperMoveActionResult.js
Symlinking /home/tw017/Desktop/PipetteDetect/catkin_ws/devel/share/gennodejs/ros/denso_cobotta_gripper/msg/GripperMoveAction.js
Symlinking /home/tw017/Desktop/PipetteDetect/catkin_ws/devel/share/gennodejs/ros/denso_cobotta_gripper/msg/VacuumMoveFeedback.js
Symlinking /home/tw017/Desktop/PipetteDetect/catkin_ws/devel/share/gennodejs/ros/denso_cobotta_gripper/msg/VacuumMoveActionResult.js
Symlinking /home/tw017/Desktop/PipetteDetect/catkin_ws/devel/share/gennodejs/ros/denso_cobotta_gripper/msg/GripperMoveActionFeedback.js
Symlinking /home/tw017/Desktop/PipetteDetect/catkin_ws/devel/share/gennodejs/ros/denso_cobotta_gripper/msg/VacuumMoveActionGoal.js
Symlinking /home/tw017/Desktop/PipetteDetect/catkin_ws/devel/share/gennodejs/ros/denso_cobotta_gripper/msg/GripperMoveGoal.js
Symlinking /home/tw017/Desktop/PipetteDetect/catkin_ws/devel/share/roseus/ros/denso_cobotta_gripper/manifest.l
Symlinking /home/tw017/Desktop/PipetteDetect/catkin_ws/devel/share/roseus/ros/denso_cobotta_gripper/msg/GripperMoveAction.l
Symlinking /home/tw017/Desktop/PipetteDetect/catkin_ws/devel/share/roseus/ros/denso_cobotta_gripper/msg/VacuumMoveActionGoal.l
Symlinking /home/tw017/Desktop/PipetteDetect/catkin_ws/devel/share/roseus/ros/denso_cobotta_gripper/msg/VacuumMoveActionFeedback.l
Symlinking /home/tw017/Desktop/PipetteDetect/catkin_ws/devel/share/roseus/ros/denso_cobotta_gripper/msg/GripperMoveActionFeedback.l
Symlinking /home/tw017/Desktop/PipetteDetect/catkin_ws/devel/share/roseus/ros/denso_cobotta_gripper/msg/GripperMoveGoal.l
Symlinking /home/tw017/Desktop/PipetteDetect/catkin_ws/devel/share/roseus/ros/denso_cobotta_gripper/msg/GripperMoveFeedback.l
Symlinking /home/tw017/Desktop/PipetteDetect/catkin_ws/devel/share/roseus/ros/denso_cobotta_gripper/msg/VacuumMoveAction.l
Symlinking /home/tw017/Desktop/PipetteDetect/catkin_ws/devel/share/roseus/ros/denso_cobotta_gripper/msg/GripperMoveActionGoal.l
Symlinking /home/tw017/Desktop/PipetteDetect/catkin_ws/devel/share/roseus/ros/denso_cobotta_gripper/msg/VacuumMoveFeedback.l
Symlinking /home/tw017/Desktop/PipetteDetect/catkin_ws/devel/share/roseus/ros/denso_cobotta_gripper/msg/GripperMoveActionResult.l
Symlinking /home/tw017/Desktop/PipetteDetect/catkin_ws/devel/share/roseus/ros/denso_cobotta_gripper/msg/VacuumMoveActionResult.l
Symlinking /home/tw017/Desktop/PipetteDetect/catkin_ws/devel/share/roseus/ros/denso_cobotta_gripper/msg/VacuumMoveResult.l
Symlinking /home/tw017/Desktop/PipetteDetect/catkin_ws/devel/share/roseus/ros/denso_cobotta_gripper/msg/VacuumMoveGoal.l
Symlinking /home/tw017/Desktop/PipetteDetect/catkin_ws/devel/share/roseus/ros/denso_cobotta_gripper/msg/GripperMoveResult.l
Symlinking /home/tw017/Desktop/PipetteDetect/catkin_ws/devel/share/denso_cobotta_gripper/msg/VacuumMoveGoal.msg
Symlinking /home/tw017/Desktop/PipetteDetect/catkin_ws/devel/share/denso_cobotta_gripper/msg/GripperMoveActionGoal.msg
Symlinking /home/tw017/Desktop/PipetteDetect/catkin_ws/devel/share/denso_cobotta_gripper/msg/VacuumMoveFeedback.msg
Symlinking /home/tw017/Desktop/PipetteDetect/catkin_ws/devel/share/denso_cobotta_gripper/msg/VacuumMoveResult.msg
Symlinking /home/tw017/Desktop/PipetteDetect/catkin_ws/devel/share/denso_cobotta_gripper/msg/GripperMoveActionResult.msg
Symlinking /home/tw017/Desktop/PipetteDetect/catkin_ws/devel/share/denso_cobotta_gripper/msg/VacuumMoveActionGoal.msg
Symlinking /home/tw017/Desktop/PipetteDetect/catkin_ws/devel/share/denso_cobotta_gripper/msg/VacuumMoveActionResult.msg
Symlinking /home/tw017/Desktop/PipetteDetect/catkin_ws/devel/share/denso_cobotta_gripper/msg/GripperMoveGoal.msg
Symlinking /home/tw017/Desktop/PipetteDetect/catkin_ws/devel/share/denso_cobotta_gripper/msg/GripperMoveAction.msg
Symlinking /home/tw017/Desktop/PipetteDetect/catkin_ws/devel/share/denso_cobotta_gripper/msg/VacuumMoveAction.msg
Symlinking /home/tw017/Desktop/PipetteDetect/catkin_ws/devel/share/denso_cobotta_gripper/msg/GripperMoveResult.msg
Symlinking /home/tw017/Desktop/PipetteDetect/catkin_ws/devel/share/denso_cobotta_gripper/msg/GripperMoveActionFeedback.msg
Symlinking /home/tw017/Desktop/PipetteDetect/catkin_ws/devel/share/denso_cobotta_gripper/msg/VacuumMoveActionFeedback.msg
Symlinking /home/tw017/Desktop/PipetteDetect/catkin_ws/devel/share/denso_cobotta_gripper/msg/GripperMoveFeedback.msg
Symlinking /home/tw017/Desktop/PipetteDetect/catkin_ws/devel/share/denso_cobotta_gripper/cmake/denso_cobotta_gripper-msg-paths.cmake
Symlinking /home/tw017/Desktop/PipetteDetect/catkin_ws/devel/share/denso_cobotta_gripper/cmake/denso_cobotta_gripperConfig-version.cmake
Symlinking /home/tw017/Desktop/PipetteDetect/catkin_ws/devel/share/denso_cobotta_gripper/cmake/denso_cobotta_gripperConfig.cmake
Symlinking /home/tw017/Desktop/PipetteDetect/catkin_ws/devel/share/denso_cobotta_gripper/cmake/denso_cobotta_gripper-msg-extras.cmake
Symlinking /home/tw017/Desktop/PipetteDetect/catkin_ws/devel/share/common-lisp/ros/denso_cobotta_gripper/msg/VacuumMoveResult.lisp
Symlinking /home/tw017/Desktop/PipetteDetect/catkin_ws/devel/share/common-lisp/ros/denso_cobotta_gripper/msg/_package_GripperMoveActionFeedback.lisp
Symlinking /home/tw017/Desktop/PipetteDetect/catkin_ws/devel/share/common-lisp/ros/denso_cobotta_gripper/msg/VacuumMoveActionFeedback.lisp
Symlinking /home/tw017/Desktop/PipetteDetect/catkin_ws/devel/share/common-lisp/ros/denso_cobotta_gripper/msg/_package_VacuumMoveActionFeedback.lisp
Symlinking /home/tw017/Desktop/PipetteDetect/catkin_ws/devel/share/common-lisp/ros/denso_cobotta_gripper/msg/_package_VacuumMoveGoal.lisp
Symlinking /home/tw017/Desktop/PipetteDetect/catkin_ws/devel/share/common-lisp/ros/denso_cobotta_gripper/msg/_package_VacuumMoveActionResult.lisp
Symlinking /home/tw017/Desktop/PipetteDetect/catkin_ws/devel/share/common-lisp/ros/denso_cobotta_gripper/msg/GripperMoveResult.lisp
Symlinking /home/tw017/Desktop/PipetteDetect/catkin_ws/devel/share/common-lisp/ros/denso_cobotta_gripper/msg/GripperMoveActionFeedback.lisp
Symlinking /home/tw017/Desktop/PipetteDetect/catkin_ws/devel/share/common-lisp/ros/denso_cobotta_gripper/msg/GripperMoveActionResult.lisp
Symlinking /home/tw017/Desktop/PipetteDetect/catkin_ws/devel/share/common-lisp/ros/denso_cobotta_gripper/msg/denso_cobotta_gripper-msg.asd
Symlinking /home/tw017/Desktop/PipetteDetect/catkin_ws/devel/share/common-lisp/ros/denso_cobotta_gripper/msg/_package_VacuumMoveFeedback.lisp
Symlinking /home/tw017/Desktop/PipetteDetect/catkin_ws/devel/share/common-lisp/ros/denso_cobotta_gripper/msg/VacuumMoveFeedback.lisp
Symlinking /home/tw017/Desktop/PipetteDetect/catkin_ws/devel/share/common-lisp/ros/denso_cobotta_gripper/msg/GripperMoveFeedback.lisp
Symlinking /home/tw017/Desktop/PipetteDetect/catkin_ws/devel/share/common-lisp/ros/denso_cobotta_gripper/msg/_package_GripperMoveGoal.lisp
Symlinking /home/tw017/Desktop/PipetteDetect/catkin_ws/devel/share/common-lisp/ros/denso_cobotta_gripper/msg/VacuumMoveAction.lisp
Symlinking /home/tw017/Desktop/PipetteDetect/catkin_ws/devel/share/common-lisp/ros/denso_cobotta_gripper/msg/_package_VacuumMoveActionGoal.lisp
Symlinking /home/tw017/Desktop/PipetteDetect/catkin_ws/devel/share/common-lisp/ros/denso_cobotta_gripper/msg/_package.lisp
Symlinking /home/tw017/Desktop/PipetteDetect/catkin_ws/devel/share/common-lisp/ros/denso_cobotta_gripper/msg/_package_GripperMoveFeedback.lisp
Symlinking /home/tw017/Desktop/PipetteDetect/catkin_ws/devel/share/common-lisp/ros/denso_cobotta_gripper/msg/GripperMoveGoal.lisp
Symlinking /home/tw017/Desktop/PipetteDetect/catkin_ws/devel/share/common-lisp/ros/denso_cobotta_gripper/msg/_package_GripperMoveResult.lisp
Symlinking /home/tw017/Desktop/PipetteDetect/catkin_ws/devel/share/common-lisp/ros/denso_cobotta_gripper/msg/VacuumMoveActionGoal.lisp
Symlinking /home/tw017/Desktop/PipetteDetect/catkin_ws/devel/share/common-lisp/ros/denso_cobotta_gripper/msg/_package_GripperMoveActionResult.lisp
Symlinking /home/tw017/Desktop/PipetteDetect/catkin_ws/devel/share/common-lisp/ros/denso_cobotta_gripper/msg/GripperMoveAction.lisp
Symlinking /home/tw017/Desktop/PipetteDetect/catkin_ws/devel/share/common-lisp/ros/denso_cobotta_gripper/msg/_package_GripperMoveAction.lisp
Symlinking /home/tw017/Desktop/PipetteDetect/catkin_ws/devel/share/common-lisp/ros/denso_cobotta_gripper/msg/_package_VacuumMoveResult.lisp
Symlinking /home/tw017/Desktop/PipetteDetect/catkin_ws/devel/share/common-lisp/ros/denso_cobotta_gripper/msg/GripperMoveActionGoal.lisp
Symlinking /home/tw017/Desktop/PipetteDetect/catkin_ws/devel/share/common-lisp/ros/denso_cobotta_gripper/msg/_package_GripperMoveActionGoal.lisp
Symlinking /home/tw017/Desktop/PipetteDetect/catkin_ws/devel/share/common-lisp/ros/denso_cobotta_gripper/msg/_package_VacuumMoveAction.lisp
Symlinking /home/tw017/Desktop/PipetteDetect/catkin_ws/devel/share/common-lisp/ros/denso_cobotta_gripper/msg/VacuumMoveGoal.lisp
Symlinking /home/tw017/Desktop/PipetteDetect/catkin_ws/devel/share/common-lisp/ros/denso_cobotta_gripper/msg/VacuumMoveActionResult.lisp
Symlinking /home/tw017/Desktop/PipetteDetect/catkin_ws/devel/include/denso_cobotta_gripper/VacuumMoveFeedback.h
Symlinking /home/tw017/Desktop/PipetteDetect/catkin_ws/devel/include/denso_cobotta_gripper/VacuumMoveActionFeedback.h
Symlinking /home/tw017/Desktop/PipetteDetect/catkin_ws/devel/include/denso_cobotta_gripper/GripperMoveResult.h
Symlinking /home/tw017/Desktop/PipetteDetect/catkin_ws/devel/include/denso_cobotta_gripper/GripperMoveActionResult.h
Symlinking /home/tw017/Desktop/PipetteDetect/catkin_ws/devel/include/denso_cobotta_gripper/VacuumMoveAction.h
Symlinking /home/tw017/Desktop/PipetteDetect/catkin_ws/devel/include/denso_cobotta_gripper/GripperMoveAction.h
Symlinking /home/tw017/Desktop/PipetteDetect/catkin_ws/devel/include/denso_cobotta_gripper/VacuumMoveActionResult.h
Symlinking /home/tw017/Desktop/PipetteDetect/catkin_ws/devel/include/denso_cobotta_gripper/GripperMoveActionGoal.h
Symlinking /home/tw017/Desktop/PipetteDetect/catkin_ws/devel/include/denso_cobotta_gripper/GripperMoveGoal.h
Symlinking /home/tw017/Desktop/PipetteDetect/catkin_ws/devel/include/denso_cobotta_gripper/VacuumMoveGoal.h
Symlinking /home/tw017/Desktop/PipetteDetect/catkin_ws/devel/include/denso_cobotta_gripper/GripperMoveActionFeedback.h
Symlinking /home/tw017/Desktop/PipetteDetect/catkin_ws/devel/include/denso_cobotta_gripper/VacuumMoveResult.h
Symlinking /home/tw017/Desktop/PipetteDetect/catkin_ws/devel/include/denso_cobotta_gripper/VacuumMoveActionGoal.h
Symlinking /home/tw017/Desktop/PipetteDetect/catkin_ws/devel/include/denso_cobotta_gripper/GripperMoveFeedback.h
Symlinking /home/tw017/Desktop/PipetteDetect/catkin_ws/devel/lib/denso_cobotta_gripper/denso_cobotta_gripper
Symlinking /home/tw017/Desktop/PipetteDetect/catkin_ws/devel/lib/python3/dist-packages/denso_cobotta_gripper/__init__.py
Symlinking /home/tw017/Desktop/PipetteDetect/catkin_ws/devel/lib/python3/dist-packages/denso_cobotta_gripper/msg/_GripperMoveFeedback.py
Symlinking /home/tw017/Desktop/PipetteDetect/catkin_ws/devel/lib/python3/dist-packages/denso_cobotta_gripper/msg/_VacuumMoveActionGoal.py
Symlinking /home/tw017/Desktop/PipetteDetect/catkin_ws/devel/lib/python3/dist-packages/denso_cobotta_gripper/msg/__init__.py
Symlinking /home/tw017/Desktop/PipetteDetect/catkin_ws/devel/lib/python3/dist-packages/denso_cobotta_gripper/msg/_GripperMoveResult.py
Symlinking /home/tw017/Desktop/PipetteDetect/catkin_ws/devel/lib/python3/dist-packages/denso_cobotta_gripper/msg/_VacuumMoveAction.py
Symlinking /home/tw017/Desktop/PipetteDetect/catkin_ws/devel/lib/python3/dist-packages/denso_cobotta_gripper/msg/_GripperMoveGoal.py
Symlinking /home/tw017/Desktop/PipetteDetect/catkin_ws/devel/lib/python3/dist-packages/denso_cobotta_gripper/msg/_GripperMoveAction.py
Symlinking /home/tw017/Desktop/PipetteDetect/catkin_ws/devel/lib/python3/dist-packages/denso_cobotta_gripper/msg/_VacuumMoveFeedback.py
Symlinking /home/tw017/Desktop/PipetteDetect/catkin_ws/devel/lib/python3/dist-packages/denso_cobotta_gripper/msg/_GripperMoveActionGoal.py
Symlinking /home/tw017/Desktop/PipetteDetect/catkin_ws/devel/lib/python3/dist-packages/denso_cobotta_gripper/msg/_VacuumMoveGoal.py
Symlinking /home/tw017/Desktop/PipetteDetect/catkin_ws/devel/lib/python3/dist-packages/denso_cobotta_gripper/msg/_VacuumMoveActionResult.py
Symlinking /home/tw017/Desktop/PipetteDetect/catkin_ws/devel/lib/python3/dist-packages/denso_cobotta_gripper/msg/_VacuumMoveActionFeedback.py
Symlinking /home/tw017/Desktop/PipetteDetect/catkin_ws/devel/lib/python3/dist-packages/denso_cobotta_gripper/msg/_GripperMoveActionResult.py
Symlinking /home/tw017/Desktop/PipetteDetect/catkin_ws/devel/lib/python3/dist-packages/denso_cobotta_gripper/msg/_VacuumMoveResult.py
Symlinking /home/tw017/Desktop/PipetteDetect/catkin_ws/devel/lib/python3/dist-packages/denso_cobotta_gripper/msg/_GripperMoveActionFeedback.py
Symlinking /home/tw017/Desktop/PipetteDetect/catkin_ws/devel/lib/pkgconfig/denso_cobotta_gripper.pc
