Performing C SOURCE FILE Test CMAKE_HAVE_LIBC_PTHREAD failed with the following output:
Change Dir: /home/tw017/Desktop/PipetteDetect/catkin_ws/build/mycobot_320_moveit/CMakeFiles/CMakeTmp

<<<<<<< HEAD
Run Build Command(s):/usr/bin/make cmTC_02a0d/fast && /usr/bin/make -f CMakeFiles/cmTC_02a0d.dir/build.make CMakeFiles/cmTC_02a0d.dir/build
make[1]: Entering directory '/home/tw017/Desktop/PipetteDetect/catkin_ws/build/mycobot_320_moveit/CMakeFiles/CMakeTmp'
Building C object CMakeFiles/cmTC_02a0d.dir/src.c.o
/usr/bin/cc   -DCMAKE_HAVE_LIBC_PTHREAD   -o CMakeFiles/cmTC_02a0d.dir/src.c.o   -c /home/tw017/Desktop/PipetteDetect/catkin_ws/build/mycobot_320_moveit/CMakeFiles/CMakeTmp/src.c
Linking C executable cmTC_02a0d
/usr/bin/cmake -E cmake_link_script CMakeFiles/cmTC_02a0d.dir/link.txt --verbose=1
/usr/bin/cc  -DCMAKE_HAVE_LIBC_PTHREAD    -rdynamic CMakeFiles/cmTC_02a0d.dir/src.c.o  -o cmTC_02a0d 
/usr/bin/ld: CMakeFiles/cmTC_02a0d.dir/src.c.o: in function `main':
=======
Run Build Command(s):/usr/bin/make cmTC_8a7e3/fast && /usr/bin/make -f CMakeFiles/cmTC_8a7e3.dir/build.make CMakeFiles/cmTC_8a7e3.dir/build
make[1]: Entering directory '/home/tw017/Desktop/PipetteDetect/catkin_ws/build/mycobot_320_moveit/CMakeFiles/CMakeTmp'
Building C object CMakeFiles/cmTC_8a7e3.dir/src.c.o
/usr/bin/cc   -DCMAKE_HAVE_LIBC_PTHREAD   -o CMakeFiles/cmTC_8a7e3.dir/src.c.o   -c /home/tw017/Desktop/PipetteDetect/catkin_ws/build/mycobot_320_moveit/CMakeFiles/CMakeTmp/src.c
Linking C executable cmTC_8a7e3
/usr/bin/cmake -E cmake_link_script CMakeFiles/cmTC_8a7e3.dir/link.txt --verbose=1
/usr/bin/cc  -DCMAKE_HAVE_LIBC_PTHREAD    -rdynamic CMakeFiles/cmTC_8a7e3.dir/src.c.o  -o cmTC_8a7e3 
/usr/bin/ld: CMakeFiles/cmTC_8a7e3.dir/src.c.o: in function `main':
>>>>>>> ビルドし直す
src.c:(.text+0x46): undefined reference to `pthread_create'
/usr/bin/ld: src.c:(.text+0x52): undefined reference to `pthread_detach'
/usr/bin/ld: src.c:(.text+0x63): undefined reference to `pthread_join'
collect2: error: ld returned 1 exit status
<<<<<<< HEAD
make[1]: *** [CMakeFiles/cmTC_02a0d.dir/build.make:87: cmTC_02a0d] Error 1
make[1]: Leaving directory '/home/tw017/Desktop/PipetteDetect/catkin_ws/build/mycobot_320_moveit/CMakeFiles/CMakeTmp'
make: *** [Makefile:121: cmTC_02a0d/fast] Error 2
=======
make[1]: *** [CMakeFiles/cmTC_8a7e3.dir/build.make:87: cmTC_8a7e3] Error 1
make[1]: Leaving directory '/home/tw017/Desktop/PipetteDetect/catkin_ws/build/mycobot_320_moveit/CMakeFiles/CMakeTmp'
make: *** [Makefile:121: cmTC_8a7e3/fast] Error 2
>>>>>>> ビルドし直す


Source file was:
#include <pthread.h>

void* test_func(void* data)
{
  return data;
}

int main(void)
{
  pthread_t thread;
  pthread_create(&thread, NULL, test_func, NULL);
  pthread_detach(thread);
  pthread_join(thread, NULL);
  pthread_atfork(NULL, NULL, NULL);
  pthread_exit(NULL);

  return 0;
}

Determining if the function pthread_create exists in the pthreads failed with the following output:
Change Dir: /home/tw017/Desktop/PipetteDetect/catkin_ws/build/mycobot_320_moveit/CMakeFiles/CMakeTmp

<<<<<<< HEAD
Run Build Command(s):/usr/bin/make cmTC_08c97/fast && /usr/bin/make -f CMakeFiles/cmTC_08c97.dir/build.make CMakeFiles/cmTC_08c97.dir/build
make[1]: Entering directory '/home/tw017/Desktop/PipetteDetect/catkin_ws/build/mycobot_320_moveit/CMakeFiles/CMakeTmp'
Building C object CMakeFiles/cmTC_08c97.dir/CheckFunctionExists.c.o
/usr/bin/cc   -DCHECK_FUNCTION_EXISTS=pthread_create   -o CMakeFiles/cmTC_08c97.dir/CheckFunctionExists.c.o   -c /usr/share/cmake-3.16/Modules/CheckFunctionExists.c
Linking C executable cmTC_08c97
/usr/bin/cmake -E cmake_link_script CMakeFiles/cmTC_08c97.dir/link.txt --verbose=1
/usr/bin/cc  -DCHECK_FUNCTION_EXISTS=pthread_create    -rdynamic CMakeFiles/cmTC_08c97.dir/CheckFunctionExists.c.o  -o cmTC_08c97  -lpthreads 
/usr/bin/ld: cannot find -lpthreads
collect2: error: ld returned 1 exit status
make[1]: *** [CMakeFiles/cmTC_08c97.dir/build.make:87: cmTC_08c97] Error 1
make[1]: Leaving directory '/home/tw017/Desktop/PipetteDetect/catkin_ws/build/mycobot_320_moveit/CMakeFiles/CMakeTmp'
make: *** [Makefile:121: cmTC_08c97/fast] Error 2
=======
Run Build Command(s):/usr/bin/make cmTC_b8acd/fast && /usr/bin/make -f CMakeFiles/cmTC_b8acd.dir/build.make CMakeFiles/cmTC_b8acd.dir/build
make[1]: Entering directory '/home/tw017/Desktop/PipetteDetect/catkin_ws/build/mycobot_320_moveit/CMakeFiles/CMakeTmp'
Building C object CMakeFiles/cmTC_b8acd.dir/CheckFunctionExists.c.o
/usr/bin/cc   -DCHECK_FUNCTION_EXISTS=pthread_create   -o CMakeFiles/cmTC_b8acd.dir/CheckFunctionExists.c.o   -c /usr/share/cmake-3.16/Modules/CheckFunctionExists.c
Linking C executable cmTC_b8acd
/usr/bin/cmake -E cmake_link_script CMakeFiles/cmTC_b8acd.dir/link.txt --verbose=1
/usr/bin/cc  -DCHECK_FUNCTION_EXISTS=pthread_create    -rdynamic CMakeFiles/cmTC_b8acd.dir/CheckFunctionExists.c.o  -o cmTC_b8acd  -lpthreads 
/usr/bin/ld: cannot find -lpthreads
collect2: error: ld returned 1 exit status
make[1]: *** [CMakeFiles/cmTC_b8acd.dir/build.make:87: cmTC_b8acd] Error 1
make[1]: Leaving directory '/home/tw017/Desktop/PipetteDetect/catkin_ws/build/mycobot_320_moveit/CMakeFiles/CMakeTmp'
make: *** [Makefile:121: cmTC_b8acd/fast] Error 2
>>>>>>> ビルドし直す



