[35m[1mScanning dependencies of target rosgraph_msgs_generate_messages_cpp[0m
[35m[1mScanning dependencies of target roscpp_generate_messages_eus[0m
[35m[1mScanning dependencies of target roscpp_generate_messages_cpp[0m
[35m[1mScanning dependencies of target roscpp_generate_messages_py[0m
[35m[1mScanning dependencies of target rosgraph_msgs_generate_messages_eus[0m
[35m[1mScanning dependencies of target std_msgs_generate_messages_lisp[0m
[35m[1mScanning dependencies of target rosgraph_msgs_generate_messages_lisp[0m
[35m[1mScanning dependencies of target gripper_ntlab_msgs_generate_messages_cpp[0m
[35m[1mScanning dependencies of target gripper_ntlab_msgs_generate_messages_lisp[0m
[35m[1mScanning dependencies of target gripper_ntlab_msgs_generate_messages_py[0m
[35m[1mScanning dependencies of target std_msgs_generate_messages_eus[0m
[35m[1mScanning dependencies of target std_msgs_generate_messages_nodejs[0m
[35m[1mScanning dependencies of target gripper_ntlab_controller[0m
[35m[1mScanning dependencies of target roscpp_generate_messages_nodejs[0m
[35m[1mScanning dependencies of target rosgraph_msgs_generate_messages_py[0m
[35m[1mScanning dependencies of target gripper_ntlab_msgs_generate_messages_eus[0m
[35m[1mScanning dependencies of target std_msgs_generate_messages_cpp[0m
[35m[1mScanning dependencies of target std_msgs_generate_messages_py[0m
[35m[1mScanning dependencies of target roscpp_generate_messages_lisp[0m
[35m[1mScanning dependencies of target gripper_ntlab_msgs_generate_messages_nodejs[0m
[35m[1mScanning dependencies of target rosgraph_msgs_generate_messages_nodejs[0m
[  0%] Built target roscpp_generate_messages_eus
[  0%] Built target gripper_ntlab_msgs_generate_messages_cpp
[  0%] Built target std_msgs_generate_messages_lisp
[  0%] Built target roscpp_generate_messages_py
[  0%] Built target roscpp_generate_messages_cpp
[  0%] Built target rosgraph_msgs_generate_messages_eus
[  0%] Built target gripper_ntlab_msgs_generate_messages_py
[  0%] Built target rosgraph_msgs_generate_messages_cpp
[  0%] Built target rosgraph_msgs_generate_messages_lisp
[  0%] Built target std_msgs_generate_messages_eus
[  0%] Built target gripper_ntlab_msgs_generate_messages_lisp
[  0%] Built target std_msgs_generate_messages_nodejs
[  0%] Built target roscpp_generate_messages_nodejs
[  0%] Built target rosgraph_msgs_generate_messages_py
[  0%] Built target rosgraph_msgs_generate_messages_nodejs
[  0%] Built target std_msgs_generate_messages_cpp
[  0%] Built target gripper_ntlab_msgs_generate_messages_eus
[  0%] Built target roscpp_generate_messages_lisp
[  0%] Built target std_msgs_generate_messages_py
[  0%] Built target gripper_ntlab_msgs_generate_messages_nodejs
[ 12%] [32mBuilding CXX object CMakeFiles/gripper_ntlab_controller.dir/src/gripper_ntlab_controller.cpp.o[0m
[35m[1mScanning dependencies of target cobotta_gripper_ntlab_controller[0m
[35m[1mScanning dependencies of target move_gripper_ik_test[0m
[35m[1mScanning dependencies of target move_gripper[0m
[ 25%] [32mBuilding CXX object CMakeFiles/move_gripper_ik_test.dir/src/move_gripper_ik_test.cpp.o[0m
[ 50%] [32mBuilding CXX object CMakeFiles/cobotta_gripper_ntlab_controller.dir/src/cobotta_gripper_ntlab_controller.cpp.o[0m
[ 50%] [32mBuilding CXX object CMakeFiles/move_gripper.dir/src/move_gripper.cpp.o[0m
[ 62%] [32m[1mLinking CXX executable /home/tw017/Desktop/PipetteDetect/catkin_ws/devel/.private/gripper_ntlab_controller/lib/gripper_ntlab_controller/move_gripper_ik_test[0m
[ 62%] Built target move_gripper_ik_test
[ 75%] [32m[1mLinking CXX executable /home/tw017/Desktop/PipetteDetect/catkin_ws/devel/.private/gripper_ntlab_controller/lib/gripper_ntlab_controller/move_gripper[0m
[ 75%] Built target move_gripper
[ 87%] [32m[1mLinking CXX shared library /home/tw017/Desktop/PipetteDetect/catkin_ws/devel/.private/gripper_ntlab_controller/lib/libgripper_ntlab_controller.so[0m
[ 87%] Built target gripper_ntlab_controller
[100%] [32m[1mLinking CXX executable /home/tw017/Desktop/PipetteDetect/catkin_ws/devel/.private/gripper_ntlab_controller/lib/gripper_ntlab_controller/cobotta_gripper_ntlab_controller[0m
[100%] Built target cobotta_gripper_ntlab_controller
