/usr/bin/ld: warning: libmoveit_planning_scene_monitor.so.1.1.16, needed by /opt/ros/noetic/lib/libmoveit_visual_tools.so, not found (try using -rpath or -rpath-link)
/usr/bin/ld: warning: libmoveit_robot_model.so.1.1.16, needed by /opt/ros/noetic/lib/libmoveit_visual_tools.so, not found (try using -rpath or -rpath-link)
/usr/bin/ld: warning: libmoveit_transforms.so.1.1.16, needed by /opt/ros/noetic/lib/libmoveit_visual_tools.so, not found (try using -rpath or -rpath-link)
/usr/bin/ld: warning: libmoveit_robot_state.so.1.1.16, needed by /opt/ros/noetic/lib/libmoveit_visual_tools.so, not found (try using -rpath or -rpath-link)
/usr/bin/ld: warning: libmoveit_robot_trajectory.so.1.1.16, needed by /opt/ros/noetic/lib/libmoveit_visual_tools.so, not found (try using -rpath or -rpath-link)
/usr/bin/ld: warning: libmoveit_collision_detection.so.1.1.16, needed by /opt/ros/noetic/lib/libmoveit_visual_tools.so, not found (try using -rpath or -rpath-link)
/usr/bin/ld: warning: libmoveit_planning_scene.so.1.1.16, needed by /opt/ros/noetic/lib/libmoveit_visual_tools.so, not found (try using -rpath or -rpath-link)
/usr/bin/ld: warning: libmoveit_planning_scene_monitor.so.1.1.16, needed by /opt/ros/noetic/lib/libmoveit_visual_tools.so, not found (try using -rpath or -rpath-link)
/usr/bin/ld: warning: libmoveit_robot_model.so.1.1.16, needed by /opt/ros/noetic/lib/libmoveit_visual_tools.so, not found (try using -rpath or -rpath-link)
/usr/bin/ld: warning: libmoveit_transforms.so.1.1.16, needed by /opt/ros/noetic/lib/libmoveit_visual_tools.so, not found (try using -rpath or -rpath-link)
/usr/bin/ld: warning: libmoveit_robot_state.so.1.1.16, needed by /opt/ros/noetic/lib/libmoveit_visual_tools.so, not found (try using -rpath or -rpath-link)
/usr/bin/ld: warning: libmoveit_robot_trajectory.so.1.1.16, needed by /opt/ros/noetic/lib/libmoveit_visual_tools.so, not found (try using -rpath or -rpath-link)
/usr/bin/ld: warning: libmoveit_collision_detection.so.1.1.16, needed by /opt/ros/noetic/lib/libmoveit_visual_tools.so, not found (try using -rpath or -rpath-link)
/usr/bin/ld: warning: libmoveit_planning_scene.so.1.1.16, needed by /opt/ros/noetic/lib/libmoveit_visual_tools.so, not found (try using -rpath or -rpath-link)
/usr/bin/ld: warning: libmoveit_planning_scene_monitor.so.1.1.16, needed by /opt/ros/noetic/lib/libmoveit_visual_tools.so, not found (try using -rpath or -rpath-link)
/usr/bin/ld: warning: libmoveit_robot_model.so.1.1.16, needed by /opt/ros/noetic/lib/libmoveit_visual_tools.so, not found (try using -rpath or -rpath-link)
/usr/bin/ld: warning: libmoveit_transforms.so.1.1.16, needed by /opt/ros/noetic/lib/libmoveit_visual_tools.so, not found (try using -rpath or -rpath-link)
/usr/bin/ld: warning: libmoveit_robot_state.so.1.1.16, needed by /opt/ros/noetic/lib/libmoveit_visual_tools.so, not found (try using -rpath or -rpath-link)
/usr/bin/ld: warning: libmoveit_robot_trajectory.so.1.1.16, needed by /opt/ros/noetic/lib/libmoveit_visual_tools.so, not found (try using -rpath or -rpath-link)
/usr/bin/ld: warning: libmoveit_collision_detection.so.1.1.16, needed by /opt/ros/noetic/lib/libmoveit_visual_tools.so, not found (try using -rpath or -rpath-link)
/usr/bin/ld: warning: libmoveit_planning_scene.so.1.1.16, needed by /opt/ros/noetic/lib/libmoveit_visual_tools.so, not found (try using -rpath or -rpath-link)
/usr/bin/ld: warning: libmoveit_planning_scene_monitor.so.1.1.16, needed by /opt/ros/noetic/lib/libmoveit_visual_tools.so, not found (try using -rpath or -rpath-link)
/usr/bin/ld: warning: libmoveit_robot_model.so.1.1.16, needed by /opt/ros/noetic/lib/libmoveit_visual_tools.so, not found (try using -rpath or -rpath-link)
/usr/bin/ld: warning: libmoveit_transforms.so.1.1.16, needed by /opt/ros/noetic/lib/libmoveit_visual_tools.so, not found (try using -rpath or -rpath-link)
/usr/bin/ld: warning: libmoveit_robot_state.so.1.1.16, needed by /opt/ros/noetic/lib/libmoveit_visual_tools.so, not found (try using -rpath or -rpath-link)
/usr/bin/ld: warning: libmoveit_robot_trajectory.so.1.1.16, needed by /opt/ros/noetic/lib/libmoveit_visual_tools.so, not found (try using -rpath or -rpath-link)
/usr/bin/ld: warning: libmoveit_collision_detection.so.1.1.16, needed by /opt/ros/noetic/lib/libmoveit_visual_tools.so, not found (try using -rpath or -rpath-link)
/usr/bin/ld: warning: libmoveit_planning_scene.so.1.1.16, needed by /opt/ros/noetic/lib/libmoveit_visual_tools.so, not found (try using -rpath or -rpath-link)
/usr/bin/ld: warning: libmoveit_planning_scene_monitor.so.1.1.16, needed by /opt/ros/noetic/lib/libmoveit_visual_tools.so, not found (try using -rpath or -rpath-link)
/usr/bin/ld: warning: libmoveit_robot_model.so.1.1.16, needed by /opt/ros/noetic/lib/libmoveit_visual_tools.so, not found (try using -rpath or -rpath-link)
/usr/bin/ld: warning: libmoveit_transforms.so.1.1.16, needed by /opt/ros/noetic/lib/libmoveit_visual_tools.so, not found (try using -rpath or -rpath-link)
/usr/bin/ld: warning: libmoveit_robot_state.so.1.1.16, needed by /opt/ros/noetic/lib/libmoveit_visual_tools.so, not found (try using -rpath or -rpath-link)
/usr/bin/ld: warning: libmoveit_robot_trajectory.so.1.1.16, needed by /opt/ros/noetic/lib/libmoveit_visual_tools.so, not found (try using -rpath or -rpath-link)
/usr/bin/ld: warning: libmoveit_collision_detection.so.1.1.16, needed by /opt/ros/noetic/lib/libmoveit_visual_tools.so, not found (try using -rpath or -rpath-link)
/usr/bin/ld: warning: libmoveit_planning_scene.so.1.1.16, needed by /opt/ros/noetic/lib/libmoveit_visual_tools.so, not found (try using -rpath or -rpath-link)
/usr/bin/ld: warning: libmoveit_planning_scene_monitor.so.1.1.16, needed by /opt/ros/noetic/lib/libmoveit_visual_tools.so, not found (try using -rpath or -rpath-link)
/usr/bin/ld: warning: libmoveit_robot_model.so.1.1.16, needed by /opt/ros/noetic/lib/libmoveit_visual_tools.so, not found (try using -rpath or -rpath-link)
/usr/bin/ld: warning: libmoveit_transforms.so.1.1.16, needed by /opt/ros/noetic/lib/libmoveit_visual_tools.so, not found (try using -rpath or -rpath-link)
/usr/bin/ld: warning: libmoveit_robot_state.so.1.1.16, needed by /opt/ros/noetic/lib/libmoveit_visual_tools.so, not found (try using -rpath or -rpath-link)
/usr/bin/ld: warning: libmoveit_robot_trajectory.so.1.1.16, needed by /opt/ros/noetic/lib/libmoveit_visual_tools.so, not found (try using -rpath or -rpath-link)
/usr/bin/ld: warning: libmoveit_collision_detection.so.1.1.16, needed by /opt/ros/noetic/lib/libmoveit_visual_tools.so, not found (try using -rpath or -rpath-link)
/usr/bin/ld: warning: libmoveit_planning_scene.so.1.1.16, needed by /opt/ros/noetic/lib/libmoveit_visual_tools.so, not found (try using -rpath or -rpath-link)
/usr/bin/ld: warning: libmoveit_planning_scene_monitor.so.1.1.16, needed by /opt/ros/noetic/lib/libmoveit_visual_tools.so, not found (try using -rpath or -rpath-link)
/usr/bin/ld: warning: libmoveit_robot_model.so.1.1.16, needed by /opt/ros/noetic/lib/libmoveit_visual_tools.so, not found (try using -rpath or -rpath-link)
/usr/bin/ld: warning: libmoveit_transforms.so.1.1.16, needed by /opt/ros/noetic/lib/libmoveit_visual_tools.so, not found (try using -rpath or -rpath-link)
/usr/bin/ld: warning: libmoveit_robot_state.so.1.1.16, needed by /opt/ros/noetic/lib/libmoveit_visual_tools.so, not found (try using -rpath or -rpath-link)
/usr/bin/ld: warning: libmoveit_robot_trajectory.so.1.1.16, needed by /opt/ros/noetic/lib/libmoveit_visual_tools.so, not found (try using -rpath or -rpath-link)
/usr/bin/ld: warning: libmoveit_collision_detection.so.1.1.16, needed by /opt/ros/noetic/lib/libmoveit_visual_tools.so, not found (try using -rpath or -rpath-link)
/usr/bin/ld: warning: libmoveit_planning_scene.so.1.1.16, needed by /opt/ros/noetic/lib/libmoveit_visual_tools.so, not found (try using -rpath or -rpath-link)
