Symlinking /home/tw017/Desktop/PipetteDetect/catkin_ws/devel/share/gennodejs/ros/gripper_ntlab_msgs/_index.js
Symlinking /home/tw017/Desktop/PipetteDetect/catkin_ws/devel/share/gennodejs/ros/gripper_ntlab_msgs/msg/_index.js
Symlinking /home/tw017/Desktop/PipetteDetect/catkin_ws/devel/share/gennodejs/ros/gripper_ntlab_msgs/msg/CartesianPosition.js
Symlinking /home/tw017/Desktop/PipetteDetect/catkin_ws/devel/share/gennodejs/ros/gripper_ntlab_msgs/msg/JointPosition.js
Symlinking /home/tw017/Desktop/PipetteDetect/catkin_ws/devel/share/gripper_ntlab_msgs/cmake/gripper_ntlab_msgs-msg-extras.cmake
Symlinking /home/tw017/Desktop/PipetteDetect/catkin_ws/devel/share/gripper_ntlab_msgs/cmake/gripper_ntlab_msgsConfig.cmake
Symlinking /home/tw017/Desktop/PipetteDetect/catkin_ws/devel/share/gripper_ntlab_msgs/cmake/gripper_ntlab_msgsConfig-version.cmake
Symlinking /home/tw017/Desktop/PipetteDetect/catkin_ws/devel/share/gripper_ntlab_msgs/cmake/gripper_ntlab_msgs-msg-paths.cmake
Symlinking /home/tw017/Desktop/PipetteDetect/catkin_ws/devel/share/roseus/ros/gripper_ntlab_msgs/manifest.l
Symlinking /home/tw017/Desktop/PipetteDetect/catkin_ws/devel/share/roseus/ros/gripper_ntlab_msgs/msg/JointPosition.l
Symlinking /home/tw017/Desktop/PipetteDetect/catkin_ws/devel/share/roseus/ros/gripper_ntlab_msgs/msg/CartesianPosition.l
Symlinking /home/tw017/Desktop/PipetteDetect/catkin_ws/devel/share/common-lisp/ros/gripper_ntlab_msgs/msg/CartesianPosition.lisp
Symlinking /home/tw017/Desktop/PipetteDetect/catkin_ws/devel/share/common-lisp/ros/gripper_ntlab_msgs/msg/_package_JointPosition.lisp
Symlinking /home/tw017/Desktop/PipetteDetect/catkin_ws/devel/share/common-lisp/ros/gripper_ntlab_msgs/msg/_package.lisp
Symlinking /home/tw017/Desktop/PipetteDetect/catkin_ws/devel/share/common-lisp/ros/gripper_ntlab_msgs/msg/JointPosition.lisp
Symlinking /home/tw017/Desktop/PipetteDetect/catkin_ws/devel/share/common-lisp/ros/gripper_ntlab_msgs/msg/_package_CartesianPosition.lisp
Symlinking /home/tw017/Desktop/PipetteDetect/catkin_ws/devel/share/common-lisp/ros/gripper_ntlab_msgs/msg/gripper_ntlab_msgs-msg.asd
Symlinking /home/tw017/Desktop/PipetteDetect/catkin_ws/devel/include/gripper_ntlab_msgs/JointPosition.h
Symlinking /home/tw017/Desktop/PipetteDetect/catkin_ws/devel/include/gripper_ntlab_msgs/CartesianPosition.h
Symlinking /home/tw017/Desktop/PipetteDetect/catkin_ws/devel/lib/python3/dist-packages/gripper_ntlab_msgs/__init__.py
Symlinking /home/tw017/Desktop/PipetteDetect/catkin_ws/devel/lib/python3/dist-packages/gripper_ntlab_msgs/msg/__init__.py
Symlinking /home/tw017/Desktop/PipetteDetect/catkin_ws/devel/lib/python3/dist-packages/gripper_ntlab_msgs/msg/_JointPosition.py
Symlinking /home/tw017/Desktop/PipetteDetect/catkin_ws/devel/lib/python3/dist-packages/gripper_ntlab_msgs/msg/_CartesianPosition.py
Symlinking /home/tw017/Desktop/PipetteDetect/catkin_ws/devel/lib/pkgconfig/gripper_ntlab_msgs.pc
