Performing C SOURCE FILE Test CMAKE_HAVE_LIBC_PTHREAD failed with the following output:
Change Dir: /home/tw017/Desktop/PipetteDetect/catkin_ws/build/denso_cobotta_descriptions/CMakeFiles/CMakeTmp

<<<<<<< HEAD
Run Build Command(s):/usr/bin/make cmTC_b0c3a/fast && /usr/bin/make -f CMakeFiles/cmTC_b0c3a.dir/build.make CMakeFiles/cmTC_b0c3a.dir/build
make[1]: Entering directory '/home/tw017/Desktop/PipetteDetect/catkin_ws/build/denso_cobotta_descriptions/CMakeFiles/CMakeTmp'
Building C object CMakeFiles/cmTC_b0c3a.dir/src.c.o
/usr/bin/cc   -DCMAKE_HAVE_LIBC_PTHREAD   -o CMakeFiles/cmTC_b0c3a.dir/src.c.o   -c /home/tw017/Desktop/PipetteDetect/catkin_ws/build/denso_cobotta_descriptions/CMakeFiles/CMakeTmp/src.c
Linking C executable cmTC_b0c3a
/usr/bin/cmake -E cmake_link_script CMakeFiles/cmTC_b0c3a.dir/link.txt --verbose=1
/usr/bin/cc  -DCMAKE_HAVE_LIBC_PTHREAD    -rdynamic CMakeFiles/cmTC_b0c3a.dir/src.c.o  -o cmTC_b0c3a 
/usr/bin/ld: CMakeFiles/cmTC_b0c3a.dir/src.c.o: in function `main':
=======
Run Build Command(s):/usr/bin/make cmTC_b7e43/fast && /usr/bin/make -f CMakeFiles/cmTC_b7e43.dir/build.make CMakeFiles/cmTC_b7e43.dir/build
make[1]: Entering directory '/home/tw017/Desktop/PipetteDetect/catkin_ws/build/denso_cobotta_descriptions/CMakeFiles/CMakeTmp'
Building C object CMakeFiles/cmTC_b7e43.dir/src.c.o
/usr/bin/cc   -DCMAKE_HAVE_LIBC_PTHREAD   -o CMakeFiles/cmTC_b7e43.dir/src.c.o   -c /home/tw017/Desktop/PipetteDetect/catkin_ws/build/denso_cobotta_descriptions/CMakeFiles/CMakeTmp/src.c
Linking C executable cmTC_b7e43
/usr/bin/cmake -E cmake_link_script CMakeFiles/cmTC_b7e43.dir/link.txt --verbose=1
/usr/bin/cc  -DCMAKE_HAVE_LIBC_PTHREAD    -rdynamic CMakeFiles/cmTC_b7e43.dir/src.c.o  -o cmTC_b7e43 
/usr/bin/ld: CMakeFiles/cmTC_b7e43.dir/src.c.o: in function `main':
>>>>>>> ビルドし直す
src.c:(.text+0x46): undefined reference to `pthread_create'
/usr/bin/ld: src.c:(.text+0x52): undefined reference to `pthread_detach'
/usr/bin/ld: src.c:(.text+0x63): undefined reference to `pthread_join'
collect2: error: ld returned 1 exit status
<<<<<<< HEAD
make[1]: *** [CMakeFiles/cmTC_b0c3a.dir/build.make:87: cmTC_b0c3a] Error 1
make[1]: Leaving directory '/home/tw017/Desktop/PipetteDetect/catkin_ws/build/denso_cobotta_descriptions/CMakeFiles/CMakeTmp'
make: *** [Makefile:121: cmTC_b0c3a/fast] Error 2
=======
make[1]: *** [CMakeFiles/cmTC_b7e43.dir/build.make:87: cmTC_b7e43] Error 1
make[1]: Leaving directory '/home/tw017/Desktop/PipetteDetect/catkin_ws/build/denso_cobotta_descriptions/CMakeFiles/CMakeTmp'
make: *** [Makefile:121: cmTC_b7e43/fast] Error 2
>>>>>>> ビルドし直す


Source file was:
#include <pthread.h>

void* test_func(void* data)
{
  return data;
}

int main(void)
{
  pthread_t thread;
  pthread_create(&thread, NULL, test_func, NULL);
  pthread_detach(thread);
  pthread_join(thread, NULL);
  pthread_atfork(NULL, NULL, NULL);
  pthread_exit(NULL);

  return 0;
}

Determining if the function pthread_create exists in the pthreads failed with the following output:
Change Dir: /home/tw017/Desktop/PipetteDetect/catkin_ws/build/denso_cobotta_descriptions/CMakeFiles/CMakeTmp

<<<<<<< HEAD
Run Build Command(s):/usr/bin/make cmTC_963ea/fast && /usr/bin/make -f CMakeFiles/cmTC_963ea.dir/build.make CMakeFiles/cmTC_963ea.dir/build
make[1]: Entering directory '/home/tw017/Desktop/PipetteDetect/catkin_ws/build/denso_cobotta_descriptions/CMakeFiles/CMakeTmp'
Building C object CMakeFiles/cmTC_963ea.dir/CheckFunctionExists.c.o
/usr/bin/cc   -DCHECK_FUNCTION_EXISTS=pthread_create   -o CMakeFiles/cmTC_963ea.dir/CheckFunctionExists.c.o   -c /usr/share/cmake-3.16/Modules/CheckFunctionExists.c
Linking C executable cmTC_963ea
/usr/bin/cmake -E cmake_link_script CMakeFiles/cmTC_963ea.dir/link.txt --verbose=1
/usr/bin/cc  -DCHECK_FUNCTION_EXISTS=pthread_create    -rdynamic CMakeFiles/cmTC_963ea.dir/CheckFunctionExists.c.o  -o cmTC_963ea  -lpthreads 
/usr/bin/ld: cannot find -lpthreads
collect2: error: ld returned 1 exit status
make[1]: *** [CMakeFiles/cmTC_963ea.dir/build.make:87: cmTC_963ea] Error 1
make[1]: Leaving directory '/home/tw017/Desktop/PipetteDetect/catkin_ws/build/denso_cobotta_descriptions/CMakeFiles/CMakeTmp'
make: *** [Makefile:121: cmTC_963ea/fast] Error 2
=======
Run Build Command(s):/usr/bin/make cmTC_0cd04/fast && /usr/bin/make -f CMakeFiles/cmTC_0cd04.dir/build.make CMakeFiles/cmTC_0cd04.dir/build
make[1]: Entering directory '/home/tw017/Desktop/PipetteDetect/catkin_ws/build/denso_cobotta_descriptions/CMakeFiles/CMakeTmp'
Building C object CMakeFiles/cmTC_0cd04.dir/CheckFunctionExists.c.o
/usr/bin/cc   -DCHECK_FUNCTION_EXISTS=pthread_create   -o CMakeFiles/cmTC_0cd04.dir/CheckFunctionExists.c.o   -c /usr/share/cmake-3.16/Modules/CheckFunctionExists.c
Linking C executable cmTC_0cd04
/usr/bin/cmake -E cmake_link_script CMakeFiles/cmTC_0cd04.dir/link.txt --verbose=1
/usr/bin/cc  -DCHECK_FUNCTION_EXISTS=pthread_create    -rdynamic CMakeFiles/cmTC_0cd04.dir/CheckFunctionExists.c.o  -o cmTC_0cd04  -lpthreads 
/usr/bin/ld: cannot find -lpthreads
collect2: error: ld returned 1 exit status
make[1]: *** [CMakeFiles/cmTC_0cd04.dir/build.make:87: cmTC_0cd04] Error 1
make[1]: Leaving directory '/home/tw017/Desktop/PipetteDetect/catkin_ws/build/denso_cobotta_descriptions/CMakeFiles/CMakeTmp'
make: *** [Makefile:121: cmTC_0cd04/fast] Error 2
>>>>>>> ビルドし直す



