Symlinking /home/tw017/Desktop/PipetteDetect/catkin_ws/devel/share/gennodejs/ros/denso_cobotta_driver/_index.js
Symlinking /home/tw017/Desktop/PipetteDetect/catkin_ws/devel/share/gennodejs/ros/denso_cobotta_driver/msg/_index.js
Symlinking /home/tw017/Desktop/PipetteDetect/catkin_ws/devel/share/gennodejs/ros/denso_cobotta_driver/msg/RobotState.js
Symlinking /home/tw017/Desktop/PipetteDetect/catkin_ws/devel/share/gennodejs/ros/denso_cobotta_driver/msg/SafeState.js
Symlinking /home/tw017/Desktop/PipetteDetect/catkin_ws/devel/share/gennodejs/ros/denso_cobotta_driver/srv/_index.js
Symlinking /home/tw017/Desktop/PipetteDetect/catkin_ws/devel/share/gennodejs/ros/denso_cobotta_driver/srv/ClearRobotError.js
Symlinking /home/tw017/Desktop/PipetteDetect/catkin_ws/devel/share/gennodejs/ros/denso_cobotta_driver/srv/SetMotorState.js
Symlinking /home/tw017/Desktop/PipetteDetect/catkin_ws/devel/share/gennodejs/ros/denso_cobotta_driver/srv/ClearSafeState.js
Symlinking /home/tw017/Desktop/PipetteDetect/catkin_ws/devel/share/gennodejs/ros/denso_cobotta_driver/srv/ClearError.js
Symlinking /home/tw017/Desktop/PipetteDetect/catkin_ws/devel/share/gennodejs/ros/denso_cobotta_driver/srv/SetBrakeState.js
Symlinking /home/tw017/Desktop/PipetteDetect/catkin_ws/devel/share/gennodejs/ros/denso_cobotta_driver/srv/GetBrakeState.js
Symlinking /home/tw017/Desktop/PipetteDetect/catkin_ws/devel/share/gennodejs/ros/denso_cobotta_driver/srv/ExecCalset.js
Symlinking /home/tw017/Desktop/PipetteDetect/catkin_ws/devel/share/gennodejs/ros/denso_cobotta_driver/srv/SetLEDState.js
Symlinking /home/tw017/Desktop/PipetteDetect/catkin_ws/devel/share/gennodejs/ros/denso_cobotta_driver/srv/GetMotorState.js
Symlinking /home/tw017/Desktop/PipetteDetect/catkin_ws/devel/share/roseus/ros/denso_cobotta_driver/manifest.l
Symlinking /home/tw017/Desktop/PipetteDetect/catkin_ws/devel/share/roseus/ros/denso_cobotta_driver/msg/SafeState.l
Symlinking /home/tw017/Desktop/PipetteDetect/catkin_ws/devel/share/roseus/ros/denso_cobotta_driver/msg/RobotState.l
Symlinking /home/tw017/Desktop/PipetteDetect/catkin_ws/devel/share/roseus/ros/denso_cobotta_driver/srv/ClearError.l
Symlinking /home/tw017/Desktop/PipetteDetect/catkin_ws/devel/share/roseus/ros/denso_cobotta_driver/srv/ClearRobotError.l
Symlinking /home/tw017/Desktop/PipetteDetect/catkin_ws/devel/share/roseus/ros/denso_cobotta_driver/srv/GetBrakeState.l
Symlinking /home/tw017/Desktop/PipetteDetect/catkin_ws/devel/share/roseus/ros/denso_cobotta_driver/srv/ExecCalset.l
Symlinking /home/tw017/Desktop/PipetteDetect/catkin_ws/devel/share/roseus/ros/denso_cobotta_driver/srv/SetLEDState.l
Symlinking /home/tw017/Desktop/PipetteDetect/catkin_ws/devel/share/roseus/ros/denso_cobotta_driver/srv/SetBrakeState.l
Symlinking /home/tw017/Desktop/PipetteDetect/catkin_ws/devel/share/roseus/ros/denso_cobotta_driver/srv/ClearSafeState.l
Symlinking /home/tw017/Desktop/PipetteDetect/catkin_ws/devel/share/roseus/ros/denso_cobotta_driver/srv/GetMotorState.l
Symlinking /home/tw017/Desktop/PipetteDetect/catkin_ws/devel/share/roseus/ros/denso_cobotta_driver/srv/SetMotorState.l
Symlinking /home/tw017/Desktop/PipetteDetect/catkin_ws/devel/share/common-lisp/ros/denso_cobotta_driver/msg/denso_cobotta_driver-msg.asd
Symlinking /home/tw017/Desktop/PipetteDetect/catkin_ws/devel/share/common-lisp/ros/denso_cobotta_driver/msg/_package_RobotState.lisp
Symlinking /home/tw017/Desktop/PipetteDetect/catkin_ws/devel/share/common-lisp/ros/denso_cobotta_driver/msg/SafeState.lisp
Symlinking /home/tw017/Desktop/PipetteDetect/catkin_ws/devel/share/common-lisp/ros/denso_cobotta_driver/msg/_package_SafeState.lisp
Symlinking /home/tw017/Desktop/PipetteDetect/catkin_ws/devel/share/common-lisp/ros/denso_cobotta_driver/msg/_package.lisp
Symlinking /home/tw017/Desktop/PipetteDetect/catkin_ws/devel/share/common-lisp/ros/denso_cobotta_driver/msg/RobotState.lisp
Symlinking /home/tw017/Desktop/PipetteDetect/catkin_ws/devel/share/common-lisp/ros/denso_cobotta_driver/srv/GetBrakeState.lisp
Symlinking /home/tw017/Desktop/PipetteDetect/catkin_ws/devel/share/common-lisp/ros/denso_cobotta_driver/srv/SetLEDState.lisp
Symlinking /home/tw017/Desktop/PipetteDetect/catkin_ws/devel/share/common-lisp/ros/denso_cobotta_driver/srv/_package_GetBrakeState.lisp
Symlinking /home/tw017/Desktop/PipetteDetect/catkin_ws/devel/share/common-lisp/ros/denso_cobotta_driver/srv/SetBrakeState.lisp
Symlinking /home/tw017/Desktop/PipetteDetect/catkin_ws/devel/share/common-lisp/ros/denso_cobotta_driver/srv/ClearError.lisp
Symlinking /home/tw017/Desktop/PipetteDetect/catkin_ws/devel/share/common-lisp/ros/denso_cobotta_driver/srv/ClearSafeState.lisp
Symlinking /home/tw017/Desktop/PipetteDetect/catkin_ws/devel/share/common-lisp/ros/denso_cobotta_driver/srv/GetMotorState.lisp
Symlinking /home/tw017/Desktop/PipetteDetect/catkin_ws/devel/share/common-lisp/ros/denso_cobotta_driver/srv/denso_cobotta_driver-srv.asd
Symlinking /home/tw017/Desktop/PipetteDetect/catkin_ws/devel/share/common-lisp/ros/denso_cobotta_driver/srv/_package_ClearSafeState.lisp
Symlinking /home/tw017/Desktop/PipetteDetect/catkin_ws/devel/share/common-lisp/ros/denso_cobotta_driver/srv/_package.lisp
Symlinking /home/tw017/Desktop/PipetteDetect/catkin_ws/devel/share/common-lisp/ros/denso_cobotta_driver/srv/_package_ClearRobotError.lisp
Symlinking /home/tw017/Desktop/PipetteDetect/catkin_ws/devel/share/common-lisp/ros/denso_cobotta_driver/srv/_package_SetMotorState.lisp
Symlinking /home/tw017/Desktop/PipetteDetect/catkin_ws/devel/share/common-lisp/ros/denso_cobotta_driver/srv/SetMotorState.lisp
Symlinking /home/tw017/Desktop/PipetteDetect/catkin_ws/devel/share/common-lisp/ros/denso_cobotta_driver/srv/_package_ExecCalset.lisp
Symlinking /home/tw017/Desktop/PipetteDetect/catkin_ws/devel/share/common-lisp/ros/denso_cobotta_driver/srv/_package_SetBrakeState.lisp
Symlinking /home/tw017/Desktop/PipetteDetect/catkin_ws/devel/share/common-lisp/ros/denso_cobotta_driver/srv/_package_ClearError.lisp
Symlinking /home/tw017/Desktop/PipetteDetect/catkin_ws/devel/share/common-lisp/ros/denso_cobotta_driver/srv/_package_GetMotorState.lisp
Symlinking /home/tw017/Desktop/PipetteDetect/catkin_ws/devel/share/common-lisp/ros/denso_cobotta_driver/srv/ClearRobotError.lisp
Symlinking /home/tw017/Desktop/PipetteDetect/catkin_ws/devel/share/common-lisp/ros/denso_cobotta_driver/srv/ExecCalset.lisp
Symlinking /home/tw017/Desktop/PipetteDetect/catkin_ws/devel/share/common-lisp/ros/denso_cobotta_driver/srv/_package_SetLEDState.lisp
Symlinking /home/tw017/Desktop/PipetteDetect/catkin_ws/devel/share/denso_cobotta_driver/cmake/denso_cobotta_driver-msg-paths.cmake
Symlinking /home/tw017/Desktop/PipetteDetect/catkin_ws/devel/share/denso_cobotta_driver/cmake/denso_cobotta_driver-msg-extras.cmake
Symlinking /home/tw017/Desktop/PipetteDetect/catkin_ws/devel/share/denso_cobotta_driver/cmake/denso_cobotta_driverConfig-version.cmake
Symlinking /home/tw017/Desktop/PipetteDetect/catkin_ws/devel/share/denso_cobotta_driver/cmake/denso_cobotta_driverConfig.cmake
Symlinking /home/tw017/Desktop/PipetteDetect/catkin_ws/devel/include/denso_cobotta_driver/ClearSafeStateRequest.h
Symlinking /home/tw017/Desktop/PipetteDetect/catkin_ws/devel/include/denso_cobotta_driver/SetBrakeState.h
Symlinking /home/tw017/Desktop/PipetteDetect/catkin_ws/devel/include/denso_cobotta_driver/SetBrakeStateRequest.h
Symlinking /home/tw017/Desktop/PipetteDetect/catkin_ws/devel/include/denso_cobotta_driver/ClearRobotErrorResponse.h
Symlinking /home/tw017/Desktop/PipetteDetect/catkin_ws/devel/include/denso_cobotta_driver/ExecCalset.h
Symlinking /home/tw017/Desktop/PipetteDetect/catkin_ws/devel/include/denso_cobotta_driver/ClearSafeState.h
Symlinking /home/tw017/Desktop/PipetteDetect/catkin_ws/devel/include/denso_cobotta_driver/ClearErrorResponse.h
Symlinking /home/tw017/Desktop/PipetteDetect/catkin_ws/devel/include/denso_cobotta_driver/ClearRobotErrorRequest.h
Symlinking /home/tw017/Desktop/PipetteDetect/catkin_ws/devel/include/denso_cobotta_driver/GetBrakeStateResponse.h
Symlinking /home/tw017/Desktop/PipetteDetect/catkin_ws/devel/include/denso_cobotta_driver/SafeState.h
Symlinking /home/tw017/Desktop/PipetteDetect/catkin_ws/devel/include/denso_cobotta_driver/GetMotorStateRequest.h
Symlinking /home/tw017/Desktop/PipetteDetect/catkin_ws/devel/include/denso_cobotta_driver/SetMotorState.h
Symlinking /home/tw017/Desktop/PipetteDetect/catkin_ws/devel/include/denso_cobotta_driver/SetLEDStateRequest.h
Symlinking /home/tw017/Desktop/PipetteDetect/catkin_ws/devel/include/denso_cobotta_driver/ClearSafeStateResponse.h
Symlinking /home/tw017/Desktop/PipetteDetect/catkin_ws/devel/include/denso_cobotta_driver/ExecCalsetRequest.h
Symlinking /home/tw017/Desktop/PipetteDetect/catkin_ws/devel/include/denso_cobotta_driver/GetBrakeStateRequest.h
Symlinking /home/tw017/Desktop/PipetteDetect/catkin_ws/devel/include/denso_cobotta_driver/GetMotorState.h
Symlinking /home/tw017/Desktop/PipetteDetect/catkin_ws/devel/include/denso_cobotta_driver/ClearError.h
Symlinking /home/tw017/Desktop/PipetteDetect/catkin_ws/devel/include/denso_cobotta_driver/SetLEDState.h
Symlinking /home/tw017/Desktop/PipetteDetect/catkin_ws/devel/include/denso_cobotta_driver/SetMotorStateResponse.h
Symlinking /home/tw017/Desktop/PipetteDetect/catkin_ws/devel/include/denso_cobotta_driver/ClearErrorRequest.h
Symlinking /home/tw017/Desktop/PipetteDetect/catkin_ws/devel/include/denso_cobotta_driver/GetMotorStateResponse.h
Symlinking /home/tw017/Desktop/PipetteDetect/catkin_ws/devel/include/denso_cobotta_driver/SetBrakeStateResponse.h
Symlinking /home/tw017/Desktop/PipetteDetect/catkin_ws/devel/include/denso_cobotta_driver/GetBrakeState.h
Symlinking /home/tw017/Desktop/PipetteDetect/catkin_ws/devel/include/denso_cobotta_driver/RobotState.h
Symlinking /home/tw017/Desktop/PipetteDetect/catkin_ws/devel/include/denso_cobotta_driver/ExecCalsetResponse.h
Symlinking /home/tw017/Desktop/PipetteDetect/catkin_ws/devel/include/denso_cobotta_driver/SetMotorStateRequest.h
Symlinking /home/tw017/Desktop/PipetteDetect/catkin_ws/devel/include/denso_cobotta_driver/ClearRobotError.h
Symlinking /home/tw017/Desktop/PipetteDetect/catkin_ws/devel/include/denso_cobotta_driver/SetLEDStateResponse.h
Symlinking /home/tw017/Desktop/PipetteDetect/catkin_ws/devel/lib/denso_cobotta_driver/denso_cobotta_driver
Symlinking /home/tw017/Desktop/PipetteDetect/catkin_ws/devel/lib/python3/dist-packages/denso_cobotta_driver/__init__.py
Symlinking /home/tw017/Desktop/PipetteDetect/catkin_ws/devel/lib/python3/dist-packages/denso_cobotta_driver/msg/__init__.py
Symlinking /home/tw017/Desktop/PipetteDetect/catkin_ws/devel/lib/python3/dist-packages/denso_cobotta_driver/msg/_SafeState.py
Symlinking /home/tw017/Desktop/PipetteDetect/catkin_ws/devel/lib/python3/dist-packages/denso_cobotta_driver/msg/_RobotState.py
Symlinking /home/tw017/Desktop/PipetteDetect/catkin_ws/devel/lib/python3/dist-packages/denso_cobotta_driver/srv/_SetBrakeState.py
Symlinking /home/tw017/Desktop/PipetteDetect/catkin_ws/devel/lib/python3/dist-packages/denso_cobotta_driver/srv/_ClearSafeState.py
Symlinking /home/tw017/Desktop/PipetteDetect/catkin_ws/devel/lib/python3/dist-packages/denso_cobotta_driver/srv/__init__.py
Symlinking /home/tw017/Desktop/PipetteDetect/catkin_ws/devel/lib/python3/dist-packages/denso_cobotta_driver/srv/_ExecCalset.py
Symlinking /home/tw017/Desktop/PipetteDetect/catkin_ws/devel/lib/python3/dist-packages/denso_cobotta_driver/srv/_SetLEDState.py
Symlinking /home/tw017/Desktop/PipetteDetect/catkin_ws/devel/lib/python3/dist-packages/denso_cobotta_driver/srv/_GetBrakeState.py
Symlinking /home/tw017/Desktop/PipetteDetect/catkin_ws/devel/lib/python3/dist-packages/denso_cobotta_driver/srv/_SetMotorState.py
Symlinking /home/tw017/Desktop/PipetteDetect/catkin_ws/devel/lib/python3/dist-packages/denso_cobotta_driver/srv/_ClearError.py
Symlinking /home/tw017/Desktop/PipetteDetect/catkin_ws/devel/lib/python3/dist-packages/denso_cobotta_driver/srv/_GetMotorState.py
Symlinking /home/tw017/Desktop/PipetteDetect/catkin_ws/devel/lib/python3/dist-packages/denso_cobotta_driver/srv/_ClearRobotError.py
Symlinking /home/tw017/Desktop/PipetteDetect/catkin_ws/devel/lib/pkgconfig/denso_cobotta_driver.pc
