Performing C SOURCE FILE Test CMAKE_HAVE_LIBC_PTHREAD failed with the following output:
Change Dir: /home/tw017/Desktop/PipetteDetect/catkin_ws/build/denso_cobotta_control/CMakeFiles/CMakeTmp

<<<<<<< HEAD
Run Build Command(s):/usr/bin/make cmTC_a1528/fast && /usr/bin/make -f CMakeFiles/cmTC_a1528.dir/build.make CMakeFiles/cmTC_a1528.dir/build
make[1]: Entering directory '/home/tw017/Desktop/PipetteDetect/catkin_ws/build/denso_cobotta_control/CMakeFiles/CMakeTmp'
Building C object CMakeFiles/cmTC_a1528.dir/src.c.o
/usr/bin/cc   -DCMAKE_HAVE_LIBC_PTHREAD   -o CMakeFiles/cmTC_a1528.dir/src.c.o   -c /home/tw017/Desktop/PipetteDetect/catkin_ws/build/denso_cobotta_control/CMakeFiles/CMakeTmp/src.c
Linking C executable cmTC_a1528
/usr/bin/cmake -E cmake_link_script CMakeFiles/cmTC_a1528.dir/link.txt --verbose=1
/usr/bin/cc  -DCMAKE_HAVE_LIBC_PTHREAD    -rdynamic CMakeFiles/cmTC_a1528.dir/src.c.o  -o cmTC_a1528 
/usr/bin/ld: CMakeFiles/cmTC_a1528.dir/src.c.o: in function `main':
=======
Run Build Command(s):/usr/bin/make cmTC_779b0/fast && /usr/bin/make -f CMakeFiles/cmTC_779b0.dir/build.make CMakeFiles/cmTC_779b0.dir/build
make[1]: Entering directory '/home/tw017/Desktop/PipetteDetect/catkin_ws/build/denso_cobotta_control/CMakeFiles/CMakeTmp'
Building C object CMakeFiles/cmTC_779b0.dir/src.c.o
/usr/bin/cc   -DCMAKE_HAVE_LIBC_PTHREAD   -o CMakeFiles/cmTC_779b0.dir/src.c.o   -c /home/tw017/Desktop/PipetteDetect/catkin_ws/build/denso_cobotta_control/CMakeFiles/CMakeTmp/src.c
Linking C executable cmTC_779b0
/usr/bin/cmake -E cmake_link_script CMakeFiles/cmTC_779b0.dir/link.txt --verbose=1
/usr/bin/cc  -DCMAKE_HAVE_LIBC_PTHREAD    -rdynamic CMakeFiles/cmTC_779b0.dir/src.c.o  -o cmTC_779b0 
/usr/bin/ld: CMakeFiles/cmTC_779b0.dir/src.c.o: in function `main':
>>>>>>> ビルドし直す
src.c:(.text+0x46): undefined reference to `pthread_create'
/usr/bin/ld: src.c:(.text+0x52): undefined reference to `pthread_detach'
/usr/bin/ld: src.c:(.text+0x63): undefined reference to `pthread_join'
collect2: error: ld returned 1 exit status
<<<<<<< HEAD
make[1]: *** [CMakeFiles/cmTC_a1528.dir/build.make:87: cmTC_a1528] Error 1
make[1]: Leaving directory '/home/tw017/Desktop/PipetteDetect/catkin_ws/build/denso_cobotta_control/CMakeFiles/CMakeTmp'
make: *** [Makefile:121: cmTC_a1528/fast] Error 2
=======
make[1]: *** [CMakeFiles/cmTC_779b0.dir/build.make:87: cmTC_779b0] Error 1
make[1]: Leaving directory '/home/tw017/Desktop/PipetteDetect/catkin_ws/build/denso_cobotta_control/CMakeFiles/CMakeTmp'
make: *** [Makefile:121: cmTC_779b0/fast] Error 2
>>>>>>> ビルドし直す


Source file was:
#include <pthread.h>

void* test_func(void* data)
{
  return data;
}

int main(void)
{
  pthread_t thread;
  pthread_create(&thread, NULL, test_func, NULL);
  pthread_detach(thread);
  pthread_join(thread, NULL);
  pthread_atfork(NULL, NULL, NULL);
  pthread_exit(NULL);

  return 0;
}

Determining if the function pthread_create exists in the pthreads failed with the following output:
Change Dir: /home/tw017/Desktop/PipetteDetect/catkin_ws/build/denso_cobotta_control/CMakeFiles/CMakeTmp

<<<<<<< HEAD
Run Build Command(s):/usr/bin/make cmTC_84173/fast && /usr/bin/make -f CMakeFiles/cmTC_84173.dir/build.make CMakeFiles/cmTC_84173.dir/build
make[1]: Entering directory '/home/tw017/Desktop/PipetteDetect/catkin_ws/build/denso_cobotta_control/CMakeFiles/CMakeTmp'
Building C object CMakeFiles/cmTC_84173.dir/CheckFunctionExists.c.o
/usr/bin/cc   -DCHECK_FUNCTION_EXISTS=pthread_create   -o CMakeFiles/cmTC_84173.dir/CheckFunctionExists.c.o   -c /usr/share/cmake-3.16/Modules/CheckFunctionExists.c
Linking C executable cmTC_84173
/usr/bin/cmake -E cmake_link_script CMakeFiles/cmTC_84173.dir/link.txt --verbose=1
/usr/bin/cc  -DCHECK_FUNCTION_EXISTS=pthread_create    -rdynamic CMakeFiles/cmTC_84173.dir/CheckFunctionExists.c.o  -o cmTC_84173  -lpthreads 
/usr/bin/ld: cannot find -lpthreads
collect2: error: ld returned 1 exit status
make[1]: *** [CMakeFiles/cmTC_84173.dir/build.make:87: cmTC_84173] Error 1
make[1]: Leaving directory '/home/tw017/Desktop/PipetteDetect/catkin_ws/build/denso_cobotta_control/CMakeFiles/CMakeTmp'
make: *** [Makefile:121: cmTC_84173/fast] Error 2
=======
Run Build Command(s):/usr/bin/make cmTC_bfded/fast && /usr/bin/make -f CMakeFiles/cmTC_bfded.dir/build.make CMakeFiles/cmTC_bfded.dir/build
make[1]: Entering directory '/home/tw017/Desktop/PipetteDetect/catkin_ws/build/denso_cobotta_control/CMakeFiles/CMakeTmp'
Building C object CMakeFiles/cmTC_bfded.dir/CheckFunctionExists.c.o
/usr/bin/cc   -DCHECK_FUNCTION_EXISTS=pthread_create   -o CMakeFiles/cmTC_bfded.dir/CheckFunctionExists.c.o   -c /usr/share/cmake-3.16/Modules/CheckFunctionExists.c
Linking C executable cmTC_bfded
/usr/bin/cmake -E cmake_link_script CMakeFiles/cmTC_bfded.dir/link.txt --verbose=1
/usr/bin/cc  -DCHECK_FUNCTION_EXISTS=pthread_create    -rdynamic CMakeFiles/cmTC_bfded.dir/CheckFunctionExists.c.o  -o cmTC_bfded  -lpthreads 
/usr/bin/ld: cannot find -lpthreads
collect2: error: ld returned 1 exit status
make[1]: *** [CMakeFiles/cmTC_bfded.dir/build.make:87: cmTC_bfded] Error 1
make[1]: Leaving directory '/home/tw017/Desktop/PipetteDetect/catkin_ws/build/denso_cobotta_control/CMakeFiles/CMakeTmp'
make: *** [Makefile:121: cmTC_bfded/fast] Error 2
>>>>>>> ビルドし直す



